C:\Program Files\Microsoft Visual Studio\2022\Community\MSBuild\Microsoft\VC\v170\Microsoft.CppBuild.targets(517,5): warning MSB8028: The intermediate directory (x64\Release\) contains files shared from another project (aim_bot_memory.vcxproj).  This can lead to incorrect clean and rebuild behavior.
  mem.cpp
G:\Software\visual_studio\aim_bot_memory\aim_bot_memory\debugger.cpp(69,59): warning C4244: 'argument': conversion from 'DWORD_PTR' to 'DWORD', possible loss of data
G:\Software\visual_studio\aim_bot_memory\aim_bot_memory\mem.cpp(55,10): warning C4477: 'printf' : format string '%lld' requires an argument of type '__int64', but variadic argument 2 has type 'BYTE *'
G:\Software\visual_studio\aim_bot_memory\aim_bot_memory\mem.cpp(116,10): warning C4244: 'return': conversion from 'float' to '__int64', possible loss of data
G:\Software\visual_studio\aim_bot_memory\aim_bot_memory\mem.cpp(118,10): warning C4244: 'return': conversion from 'double' to '__int64', possible loss of data
G:\Software\visual_studio\aim_bot_memory\aim_bot_memory\mem.cpp(177,38): warning C4244: '=': conversion from '__int64' to 'short', possible loss of data
G:\Software\visual_studio\aim_bot_memory\aim_bot_memory\mem.cpp(203,39): warning C4267: '=': conversion from 'size_t' to 'BYTE', possible loss of data
G:\Software\visual_studio\aim_bot_memory\aim_bot_memory\mem.cpp(244,40): warning C4244: 'argument': conversion from '__int64' to 'USHORT', possible loss of data
G:\Software\visual_studio\aim_bot_memory\aim_bot_memory\mem.cpp(249,39): warning C4244: 'argument': conversion from '__int64' to 'USHORT', possible loss of data
G:\Software\visual_studio\aim_bot_memory\aim_bot_memory\mem.cpp(286,47): warning C4244: 'argument': conversion from '__int64' to 'USHORT', possible loss of data
G:\Software\visual_studio\aim_bot_memory\aim_bot_memory\mem.cpp(292,10): warning C4477: 'printf' : format string '%d' requires an argument of type 'int', but variadic argument 1 has type 'DDWORD'
G:\Software\visual_studio\aim_bot_memory\aim_bot_memory\mem.cpp(292,10): message : consider using '%lld' in the format string
G:\Software\visual_studio\aim_bot_memory\aim_bot_memory\mem.cpp(292,10): message : consider using '%Id' in the format string
G:\Software\visual_studio\aim_bot_memory\aim_bot_memory\mem.cpp(292,10): message : consider using '%I64d' in the format string
G:\Software\visual_studio\aim_bot_memory\aim_bot_memory\mem.cpp(307,16): warning C4477: 'fprintf' : format string '%lld' requires an argument of type '__int64', but variadic argument 2 has type 'BYTE *'
G:\Software\visual_studio\aim_bot_memory\aim_bot_memory\mem.cpp(308,11): warning C4477: 'printf' : format string '%lld' requires an argument of type '__int64', but variadic argument 2 has type 'BYTE *'
G:\Software\visual_studio\aim_bot_memory\aim_bot_memory\mem.cpp(312,16): warning C4477: 'fprintf' : format string '%lld' requires an argument of type '__int64', but variadic argument 2 has type 'BYTE *'
G:\Software\visual_studio\aim_bot_memory\aim_bot_memory\mem.cpp(313,11): warning C4477: 'printf' : format string '%lld' requires an argument of type '__int64', but variadic argument 2 has type 'BYTE *'
G:\Software\visual_studio\aim_bot_memory\aim_bot_memory\mem.cpp(383,10): warning C4477: 'printf' : format string '%lld' requires an argument of type '__int64', but variadic argument 2 has type 'BYTE *'
G:\Software\visual_studio\aim_bot_memory\aim_bot_memory\mem.cpp(423,13): warning C4326: return type of 'main' should be 'int' instead of 'void'
  Generating code
  Previous IPDB and IOBJ mismatch, fall back to full compilation.
G:\Software\visual_studio\aim_bot_memory\aim_bot_memory\mem.cpp(130): warning C4715: 'addr2uval': not all control paths return a value
G:\Software\visual_studio\aim_bot_memory\aim_bot_memory\mem.cpp(119): warning C4715: 'addr2val': not all control paths return a value
  All 294 functions were compiled because no usable IPDB/IOBJ from previous compilation was found.
  Finished generating code
  aim_bot_memory.vcxproj -> G:\Software\visual_studio\aim_bot_memory\x64\Release\aim_memory.exe
